/*C114*/SET SCHEMA PUBLIC
DISCONNECT
/*C115*/SET SCHEMA PUBLIC
DISCONNECT
/*C116*/SET SCHEMA PUBLIC
DISCONNECT
/*C117*/SET SCHEMA PUBLIC
DISCONNECT
/*C118*/SET SCHEMA PUBLIC
DISCONNECT
/*C119*/SET SCHEMA PUBLIC
DISCONNECT
/*C120*/SET SCHEMA PUBLIC
DISCONNECT
/*C121*/SET SCHEMA PUBLIC
DISCONNECT
/*C122*/SET SCHEMA PUBLIC
DISCONNECT
/*C123*/SET SCHEMA PUBLIC
DISCONNECT
/*C124*/SET SCHEMA PUBLIC
DISCONNECT
/*C125*/SET SCHEMA PUBLIC
DISCONNECT
/*C126*/SET SCHEMA PUBLIC
DISCONNECT
/*C127*/SET SCHEMA PUBLIC
DISCONNECT
/*C128*/SET SCHEMA PUBLIC
DISCONNECT
/*C129*/SET SCHEMA PUBLIC
DISCONNECT
/*C1*/SET SCHEMA SYSTEM_LOBS
INSERT INTO LOB_IDS VALUES(4,218,0,30)
COMMIT
ALTER SEQUENCE SYSTEM_LOBS.LOB_ID RESTART WITH 5
DELETE FROM BLOCKS WHERE BLOCK_ADDR=3
INSERT INTO BLOCKS VALUES(3,1,0)
INSERT INTO BLOCKS VALUES(4,2147483643,0)
DELETE FROM BLOCKS WHERE BLOCK_ADDR=3
INSERT INTO LOBS VALUES(3,1,0,4)
COMMIT
/*C130*/SET SCHEMA PUBLIC
INSERT INTO WAGER VALUES(3,'2013-04-14 16:05:08.624000',1.0E0,NULL,NULL)
INSERT INTO GAME VALUES(3,'2013-04-14 16:05:08.615000',4,'2013-04-14','XX4EG28','NACIONAL_PRIMERA','VALID',3)
SET SCHEMA SYSTEM_LOBS
DELETE FROM LOB_IDS WHERE LOB_ID=4
INSERT INTO LOB_IDS VALUES(4,218,1,30)
COMMIT
SET SCHEMA PUBLIC
DISCONNECT
/*C131*/SET SCHEMA PUBLIC
DISCONNECT
/*C132*/SET SCHEMA PUBLIC
DISCONNECT
/*C133*/SET SCHEMA PUBLIC
DISCONNECT
/*C134*/SET SCHEMA PUBLIC
DISCONNECT
/*C135*/SET SCHEMA PUBLIC
DISCONNECT
/*C136*/SET SCHEMA PUBLIC
DISCONNECT
/*C137*/SET SCHEMA PUBLIC
DISCONNECT
/*C138*/SET SCHEMA PUBLIC
DISCONNECT
/*C1*/INSERT INTO LOB_IDS VALUES(5,218,0,30)
COMMIT
ALTER SEQUENCE SYSTEM_LOBS.LOB_ID RESTART WITH 6
DELETE FROM BLOCKS WHERE BLOCK_ADDR=4
INSERT INTO BLOCKS VALUES(4,1,0)
INSERT INTO BLOCKS VALUES(5,2147483642,0)
DELETE FROM BLOCKS WHERE BLOCK_ADDR=4
INSERT INTO LOBS VALUES(4,1,0,5)
COMMIT
/*C139*/SET SCHEMA PUBLIC
INSERT INTO WAGER VALUES(4,'2013-04-14 16:05:19.079000',1.0E0,NULL,NULL)
INSERT INTO GAME VALUES(4,'2013-04-14 16:05:19.079000',5,'2013-04-14','XX4EG5F','NACIONAL_MATUTINA','VALID',4)
SET SCHEMA SYSTEM_LOBS
DELETE FROM LOB_IDS WHERE LOB_ID=5
INSERT INTO LOB_IDS VALUES(5,218,1,30)
COMMIT
SET SCHEMA PUBLIC
DISCONNECT
/*C140*/SET SCHEMA PUBLIC
DISCONNECT
/*C141*/SET SCHEMA PUBLIC
DISCONNECT
/*C142*/SET SCHEMA PUBLIC
DISCONNECT
/*C143*/SET SCHEMA PUBLIC
DISCONNECT
/*C144*/SET SCHEMA PUBLIC
DISCONNECT
/*C145*/SET SCHEMA PUBLIC
DISCONNECT
/*C146*/SET SCHEMA PUBLIC
DISCONNECT
/*C147*/SET SCHEMA PUBLIC
DISCONNECT
/*C148*/SET SCHEMA PUBLIC
DISCONNECT
/*C149*/SET SCHEMA PUBLIC
DISCONNECT
/*C150*/SET SCHEMA PUBLIC
DISCONNECT
/*C151*/SET SCHEMA PUBLIC
DISCONNECT
/*C152*/SET SCHEMA PUBLIC
DISCONNECT
/*C153*/SET SCHEMA PUBLIC
DISCONNECT
/*C154*/SET SCHEMA PUBLIC
DISCONNECT
/*C155*/SET SCHEMA PUBLIC
DISCONNECT
/*C156*/SET SCHEMA PUBLIC
DISCONNECT
/*C1*/INSERT INTO LOB_IDS VALUES(6,218,0,30)
COMMIT
ALTER SEQUENCE SYSTEM_LOBS.LOB_ID RESTART WITH 7
DELETE FROM BLOCKS WHERE BLOCK_ADDR=5
INSERT INTO BLOCKS VALUES(5,1,0)
INSERT INTO BLOCKS VALUES(6,2147483641,0)
DELETE FROM BLOCKS WHERE BLOCK_ADDR=5
INSERT INTO LOBS VALUES(5,1,0,6)
COMMIT
/*C157*/SET SCHEMA PUBLIC
INSERT INTO WAGER VALUES(5,'2013-04-14 16:06:39.894000',2.0E0,NULL,NULL)
INSERT INTO GAME VALUES(5,'2013-04-14 16:06:39.894000',6,'2013-04-14','XX4EGEA','NACIONAL_MATUTINA','VALID',5)
SET SCHEMA SYSTEM_LOBS
DELETE FROM LOB_IDS WHERE LOB_ID=6
INSERT INTO LOB_IDS VALUES(6,218,1,30)
COMMIT
SET SCHEMA PUBLIC
DISCONNECT
/*C158*/SET SCHEMA PUBLIC
DISCONNECT
/*C159*/SET SCHEMA PUBLIC
DISCONNECT
/*C160*/SET SCHEMA PUBLIC
DISCONNECT
/*C161*/SET SCHEMA PUBLIC
DISCONNECT
/*C162*/SET SCHEMA PUBLIC
DISCONNECT
/*C163*/SET SCHEMA PUBLIC
DISCONNECT
/*C164*/SET SCHEMA PUBLIC
DISCONNECT
/*C165*/SET SCHEMA PUBLIC
DISCONNECT
/*C166*/SET SCHEMA PUBLIC
DISCONNECT
